[Thu Jan 17 20:34:35 MST 2013] [INFO] Initializing Application...
[Thu Jan 17 20:34:35 MST 2013] [INFO] Initializing Data paths...
[Thu Jan 17 20:34:35 MST 2013] [INFO] Configuring 'Config' path to: /Users/jake/Desktop/apache-tomcat-7.0.34/webapps/GradeMaster/xml/Config.xml
[Thu Jan 17 20:34:35 MST 2013] [DEBUG] Created new Raw Local Loader.
[Thu Jan 17 20:34:35 MST 2013] [DEBUG] Created new Data Interface.
[Thu Jan 17 20:34:35 MST 2013] [INFO] Configuring 'Users' path to: /Users/jake/Desktop/apache-tomcat-7.0.34/webapps/GradeMaster/xml/Users.xml
[Thu Jan 17 20:34:35 MST 2013] [DEBUG] Created new Raw Local Loader.
[Thu Jan 17 20:34:35 MST 2013] [DEBUG] Created new Data Interface.
[Thu Jan 17 20:34:35 MST 2013] [INFO] Configuring 'Classes' path to: /Users/jake/Desktop/apache-tomcat-7.0.34/webapps/GradeMaster/xml/Classes.xml
[Thu Jan 17 20:34:35 MST 2013] [DEBUG] Created new Raw Local Loader.
[Thu Jan 17 20:34:35 MST 2013] [DEBUG] Created new Data Interface.
[Thu Jan 17 20:34:35 MST 2013] [INFO] Configuring 'Assignments' path to: /Users/jake/Desktop/apache-tomcat-7.0.34/webapps/GradeMaster/xml/Assignments.xml
[Thu Jan 17 20:34:35 MST 2013] [DEBUG] Created new Raw Local Loader.
[Thu Jan 17 20:34:35 MST 2013] [DEBUG] Created new Data Interface.
[Thu Jan 17 20:34:37 MST 2013] [DEBUG] Loaded new data.
[Thu Jan 17 20:34:37 MST 2013] [DEBUG] Loadind data...
[Thu Jan 17 20:34:37 MST 2013] [DEBUG] Returning path...
[Thu Jan 17 20:34:37 MST 2013] [DEBUG] Loading local data as string from /Users/jake/Desktop/apache-tomcat-7.0.34/webapps/GradeMaster/xml/Config.xml
[Thu Jan 17 20:34:37 MST 2013] [DEBUG] Converting xml to object...
[Thu Jan 17 20:34:37 MST 2013] [DEBUG] Converting String to XML...
[Thu Jan 17 20:34:41 MST 2013] [INFO] Login servlet running...
[Thu Jan 17 20:34:41 MST 2013] [WARNING] Login servlet is not complete yet.
[Thu Jan 17 20:34:41 MST 2013] [DEBUG] User is logged in.
[Thu Jan 17 20:34:59 MST 2013] [INFO] Login servlet running...
[Thu Jan 17 20:34:59 MST 2013] [WARNING] Login servlet is not complete yet.
[Thu Jan 17 20:34:59 MST 2013] [WARNING] No loggedin session data for user.
[Thu Jan 17 20:34:59 MST 2013] [DEBUG] Returned cached data.
[Thu Jan 17 20:35:01 MST 2013] [INFO] User type lookup Servlet Started.
[Thu Jan 17 20:35:01 MST 2013] [DEBUG] Loaded new data.
[Thu Jan 17 20:35:01 MST 2013] [DEBUG] Loadind data...
[Thu Jan 17 20:35:01 MST 2013] [DEBUG] Returning path...
[Thu Jan 17 20:35:01 MST 2013] [DEBUG] Loading local data as string from /Users/jake/Desktop/apache-tomcat-7.0.34/webapps/GradeMaster/xml/Users.xml
[Thu Jan 17 20:35:01 MST 2013] [DEBUG] Converting xml to object...
[Thu Jan 17 20:35:01 MST 2013] [DEBUG] Converting String to XML...
[Thu Jan 17 20:35:01 MST 2013] [INFO] User type lookup Servlet Started.
[Thu Jan 17 20:35:01 MST 2013] [DEBUG] Returned cached data.
[Thu Jan 17 20:35:02 MST 2013] [INFO] User type lookup Servlet Started.
[Thu Jan 17 20:35:02 MST 2013] [DEBUG] Returned cached data.
[Thu Jan 17 20:35:02 MST 2013] [INFO] User type lookup Servlet Started.
[Thu Jan 17 20:35:02 MST 2013] [DEBUG] Returned cached data.
[Thu Jan 17 20:35:02 MST 2013] [INFO] User type lookup Servlet Started.
[Thu Jan 17 20:35:02 MST 2013] [DEBUG] Returned cached data.
[Thu Jan 17 20:35:03 MST 2013] [INFO] Login servlet running...
[Thu Jan 17 20:35:03 MST 2013] [WARNING] Login servlet is not complete yet.
[Thu Jan 17 20:35:03 MST 2013] [DEBUG] Returned cached data.
[Thu Jan 17 20:35:03 MST 2013] [INFO] Login servlet running...
[Thu Jan 17 20:35:03 MST 2013] [WARNING] Login servlet is not complete yet.
[Thu Jan 17 20:35:03 MST 2013] [DEBUG] User is logged in.
[Thu Jan 17 20:35:03 MST 2013] [DEBUG] Index dispatched to: student/student_index.jsp
[Thu Jan 17 20:35:03 MST 2013] [DEBUG] Returned cached data.
[Thu Jan 17 20:35:05 MST 2013] [DEBUG] Returned cached data.
[Thu Jan 17 20:35:06 MST 2013] [INFO] Login servlet running...
[Thu Jan 17 20:35:06 MST 2013] [WARNING] Login servlet is not complete yet.
[Thu Jan 17 20:35:06 MST 2013] [DEBUG] User is logged in.
[Thu Jan 17 20:35:06 MST 2013] [DEBUG] Index dispatched to: student/student_index.jsp
[Thu Jan 17 20:35:06 MST 2013] [DEBUG] Returned cached data.
[Thu Jan 17 20:35:23 MST 2013] [DEBUG] Returned cached data.
[Thu Jan 17 20:35:28 MST 2013] [DEBUG] Returned cached data.
[Thu Jan 17 20:35:32 MST 2013] [DEBUG] Returned cached data.
[Thu Jan 17 20:35:37 MST 2013] [DEBUG] Returned cached data.
[Thu Jan 17 20:35:55 MST 2013] [INFO] Login servlet running...
[Thu Jan 17 20:35:55 MST 2013] [WARNING] Login servlet is not complete yet.
[Thu Jan 17 20:35:55 MST 2013] [DEBUG] User is logged in.
[Thu Jan 17 20:35:55 MST 2013] [DEBUG] Index dispatched to: student/student_index.jsp
[Thu Jan 17 20:35:55 MST 2013] [DEBUG] Returned cached data.
[Thu Jan 17 20:35:57 MST 2013] [DEBUG] Returned cached data.
[Thu Jan 17 20:35:59 MST 2013] [INFO] Login servlet running...
[Thu Jan 17 20:35:59 MST 2013] [WARNING] Login servlet is not complete yet.
[Thu Jan 17 20:35:59 MST 2013] [DEBUG] User is logged in.
[Thu Jan 17 20:35:59 MST 2013] [DEBUG] Index dispatched to: student/student_index.jsp
[Thu Jan 17 20:35:59 MST 2013] [DEBUG] Returned cached data.
[Thu Jan 17 20:36:56 MST 2013] [INFO] Login servlet running...
[Thu Jan 17 20:36:56 MST 2013] [WARNING] Login servlet is not complete yet.
[Thu Jan 17 20:36:56 MST 2013] [DEBUG] User is logged in.
[Thu Jan 17 20:36:56 MST 2013] [DEBUG] Index dispatched to: student/student_index.jsp
[Thu Jan 17 20:36:56 MST 2013] [DEBUG] Returned cached data.
[Thu Jan 17 20:36:57 MST 2013] [INFO] Login servlet running...
[Thu Jan 17 20:36:57 MST 2013] [WARNING] Login servlet is not complete yet.
[Thu Jan 17 20:36:57 MST 2013] [DEBUG] User is logged in.
[Thu Jan 17 20:36:57 MST 2013] [DEBUG] Index dispatched to: student/student_index.jsp
[Thu Jan 17 20:36:57 MST 2013] [DEBUG] Returned cached data.
[Thu Jan 17 20:36:58 MST 2013] [INFO] Login servlet running...
[Thu Jan 17 20:36:58 MST 2013] [WARNING] Login servlet is not complete yet.
[Thu Jan 17 20:36:58 MST 2013] [DEBUG] User is logged in.
[Thu Jan 17 20:36:58 MST 2013] [DEBUG] Index dispatched to: student/student_index.jsp
[Thu Jan 17 20:36:58 MST 2013] [DEBUG] Returned cached data.
[Thu Jan 17 20:36:58 MST 2013] [INFO] Login servlet running...
[Thu Jan 17 20:36:58 MST 2013] [WARNING] Login servlet is not complete yet.
[Thu Jan 17 20:36:58 MST 2013] [DEBUG] User is logged in.
[Thu Jan 17 20:36:58 MST 2013] [DEBUG] Index dispatched to: student/student_index.jsp
[Thu Jan 17 20:36:58 MST 2013] [DEBUG] Returned cached data.
[Thu Jan 17 20:36:58 MST 2013] [DEBUG] Returned cached data.
[Thu Jan 17 20:36:59 MST 2013] [DEBUG] Returned cached data.
[Thu Jan 17 20:37:02 MST 2013] [INFO] Logout servlet started.
[Thu Jan 17 20:37:02 MST 2013] [INFO] Login servlet running...
[Thu Jan 17 20:37:02 MST 2013] [WARNING] Login servlet is not complete yet.
[Thu Jan 17 20:37:02 MST 2013] [WARNING] No loggedin session data for user.
[Thu Jan 17 20:37:02 MST 2013] [DEBUG] Returned cached data.
[Thu Jan 17 20:37:10 MST 2013] [INFO] User type lookup Servlet Started.
[Thu Jan 17 20:37:10 MST 2013] [DEBUG] Returned cached data.
